
Problem Statistics
Matrix Master problem                                                  
Objective                                                                 

RHS RHS00001                                                        
Problem has     17 rows and     31 structural columns

Solution Statistics
Minimization performed
Optimal solution found after      0 iterations
Objective function value is     1.684580

Rows Section
   Number    Row     At      Value      Slack Value   Dual Value        RHS
 E      1  R1        SB      1.000000       .000000       .000000      1.000000
 E      2  R2        SB      1.000000       .000000       .000000      1.000000
 E      3  R3        SB      1.000000       .000000       .000000      1.000000
 E      4  R4        SB      1.000000       .000000       .000000      1.000000
 E      5  R5        SB      1.000000       .000000       .000000      1.000000
 E      6  R6        SB      1.000000       .000000       .000000      1.000000
 E      7  R7        SB      3.000000       .000000       .000000      3.000000
 E      8  R8        SB      3.000000       .000000       .000000      3.000000
 E      9  R9        SB      3.000000       .000000       .000000      3.000000
 E     10  R10       SB      3.000000       .000000       .000000      3.000000
 E     11  R11       SB      1.000000       .000000       .000000      1.000000
 E     12  R12       SB      1.000000       .000000       .000000      1.000000
 E     13  R13       SB      1.000000       .000000       .000000      1.000000
 L     14  R14       SB      1.000000      1.000000       .000000      2.000000
 L     15  R15       SB      2.000000       .000000       .000000      2.000000
 L     16  R16       SB      1.000000      1.000000       .000000      2.000000
 L     17  R17       SB      2.000000       .000000       .000000      2.000000

Columns Section
   Number   Column   At      Value      Input Cost   Reduced Cost
 C    184  y_0_0     SB       .000000       .000000       .000000
 C    185  y_0_1     SB       .000000       .000000       .000000
 C    186  y_0_2     SB      1.000000       .000000       .000000
 C    187  y_0_3     SB       .000000       .000000       .000000
 C    188  y_1_0     SB       .000000       .000000       .000000
 C    189  y_1_1     SB      1.000000       .000000       .000000
 C    190  y_1_2     SB       .000000       .000000       .000000
 C    191  y_1_3     SB       .000000       .000000       .000000
 C    192  y_2_0     SB       .000000       .000000       .000000
 C    193  y_2_1     SB       .000000       .000000       .000000
 C    194  y_2_2     SB       .000000       .000000       .000000
 C    195  y_2_3     SB      1.000000       .000000       .000000
 C    196  y_3_0     SB       .000000       .000000       .000000
 C    197  y_3_1     SB       .000000       .000000       .000000
 C    198  y_3_2     SB       .000000       .000000       .000000
 C    199  y_3_3     SB      1.000000       .000000       .000000
 C    200  y_4_0     SB      1.000000       .000000       .000000
 C    201  y_4_1     SB       .000000       .000000       .000000
 C    202  y_4_2     SB       .000000       .000000       .000000
 C    203  y_4_3     SB       .000000       .000000       .000000
 C    204  y_5_0     SB       .000000       .000000       .000000
   Number   Column   At      Value      Input Cost   Reduced Cost
 C    205  y_5_1     SB      1.000000       .000000       .000000
 C    206  y_5_2     SB       .000000       .000000       .000000
 C    207  y_5_3     SB       .000000       .000000       .000000
 C    208  z_0_1     SB      1.000000       .000000       .000000
 C    209  z_0_2     SB      1.000000       .000000       .000000
 C    210  z_0_3     SB       .000000       .000000       .000000
 C    211  z_1_2     SB       .000000       .000000       .000000
 C    212  z_1_3     SB       .000000       .000000       .000000
 C    213  z_2_3     SB      1.000000       .000000       .000000
 C    214  theta     SB      1.684580      1.000000       .000000
